[2023-04-21 22:07:53]: test log info: aaaaa
[2023-04-21 22:07:53]: test log info: aaaaa
[2023-04-21 22:07:53]: test log info: aaaaa
[2023-04-21 22:07:53]: test log info: aaaaa
[2023-04-21 22:07:53]: test log info: aaaaa
[2023-04-21 22:07:53]: [funcFrom: miniK8s/pkg/k8log.TestErrorLog] [file: /home/minik8s/minik8s/pkg/k8log/k8log_test.go] [line: 14] test log error: aaaaa
[2023-04-21 22:07:53]: [funcFrom: miniK8s/pkg/k8log.TestErrorLog] [file: /home/minik8s/minik8s/pkg/k8log/k8log_test.go] [line: 14] test log error: aaaaa
[2023-04-21 22:07:53]: [funcFrom: miniK8s/pkg/k8log.TestErrorLog] [file: /home/minik8s/minik8s/pkg/k8log/k8log_test.go] [line: 14] test log error: aaaaa
[2023-04-21 22:07:53]: [funcFrom: miniK8s/pkg/k8log.TestErrorLog] [file: /home/minik8s/minik8s/pkg/k8log/k8log_test.go] [line: 14] test log error: aaaaa
[2023-04-21 22:07:53]: [funcFrom: miniK8s/pkg/k8log.TestErrorLog] [file: /home/minik8s/minik8s/pkg/k8log/k8log_test.go] [line: 14] test log error: aaaaa
[2023-04-21 22:07:53]: [funcFrom: miniK8s/pkg/k8log.TestWarnLog] [file: /home/minik8s/minik8s/pkg/k8log/k8log_test.go] [line: 20] test log warn: aaaaa
[2023-04-21 22:07:53]: [funcFrom: miniK8s/pkg/k8log.TestWarnLog] [file: /home/minik8s/minik8s/pkg/k8log/k8log_test.go] [line: 20] test log warn: aaaaa
[2023-04-21 22:07:53]: [funcFrom: miniK8s/pkg/k8log.TestWarnLog] [file: /home/minik8s/minik8s/pkg/k8log/k8log_test.go] [line: 20] test log warn: aaaaa
[2023-04-21 22:07:53]: [funcFrom: miniK8s/pkg/k8log.TestWarnLog] [file: /home/minik8s/minik8s/pkg/k8log/k8log_test.go] [line: 20] test log warn: aaaaa
[2023-04-21 22:07:53]: [funcFrom: miniK8s/pkg/k8log.TestWarnLog] [file: /home/minik8s/minik8s/pkg/k8log/k8log_test.go] [line: 20] test log warn: aaaaa
[2023-04-21 22:07:53]: [funcFrom: miniK8s/pkg/k8log.TestDebugLog] [file: /home/minik8s/minik8s/pkg/k8log/k8log_test.go] [line: 26] test log debug: aaaaa
[2023-04-21 22:07:53]: [funcFrom: miniK8s/pkg/k8log.TestDebugLog] [file: /home/minik8s/minik8s/pkg/k8log/k8log_test.go] [line: 26] test log debug: aaaaa
[2023-04-21 22:07:53]: [funcFrom: miniK8s/pkg/k8log.TestDebugLog] [file: /home/minik8s/minik8s/pkg/k8log/k8log_test.go] [line: 26] test log debug: aaaaa
[2023-04-21 22:07:53]: [funcFrom: miniK8s/pkg/k8log.TestDebugLog] [file: /home/minik8s/minik8s/pkg/k8log/k8log_test.go] [line: 26] test log debug: aaaaa
[2023-04-21 22:07:53]: [funcFrom: miniK8s/pkg/k8log.TestDebugLog] [file: /home/minik8s/minik8s/pkg/k8log/k8log_test.go] [line: 26] test log debug: aaaaa
[2023-04-21 22:07:53]: [funcFrom: miniK8s/pkg/k8log.TestFatalLog] [file: /home/minik8s/minik8s/pkg/k8log/k8log_test.go] [line: 31] test log fatal: aaaaa
[2023-04-21 22:07:54]: test log info: aaaaa
[2023-04-21 22:07:54]: test log info: aaaaa
[2023-04-21 22:07:54]: test log info: aaaaa
[2023-04-21 22:07:54]: test log info: aaaaa
[2023-04-21 22:07:54]: test log info: aaaaa
[2023-04-21 22:07:54]: [funcFrom: miniK8s/pkg/k8log.TestErrorLog] [file: /home/minik8s/minik8s/pkg/k8log/k8log_test.go] [line: 14] test log error: aaaaa
[2023-04-21 22:07:54]: [funcFrom: miniK8s/pkg/k8log.TestErrorLog] [file: /home/minik8s/minik8s/pkg/k8log/k8log_test.go] [line: 14] test log error: aaaaa
[2023-04-21 22:07:54]: [funcFrom: miniK8s/pkg/k8log.TestErrorLog] [file: /home/minik8s/minik8s/pkg/k8log/k8log_test.go] [line: 14] test log error: aaaaa
[2023-04-21 22:07:54]: [funcFrom: miniK8s/pkg/k8log.TestErrorLog] [file: /home/minik8s/minik8s/pkg/k8log/k8log_test.go] [line: 14] test log error: aaaaa
[2023-04-21 22:07:54]: [funcFrom: miniK8s/pkg/k8log.TestErrorLog] [file: /home/minik8s/minik8s/pkg/k8log/k8log_test.go] [line: 14] test log error: aaaaa
[2023-04-21 22:07:54]: [funcFrom: miniK8s/pkg/k8log.TestWarnLog] [file: /home/minik8s/minik8s/pkg/k8log/k8log_test.go] [line: 20] test log warn: aaaaa
[2023-04-21 22:07:54]: [funcFrom: miniK8s/pkg/k8log.TestWarnLog] [file: /home/minik8s/minik8s/pkg/k8log/k8log_test.go] [line: 20] test log warn: aaaaa
[2023-04-21 22:07:54]: [funcFrom: miniK8s/pkg/k8log.TestWarnLog] [file: /home/minik8s/minik8s/pkg/k8log/k8log_test.go] [line: 20] test log warn: aaaaa
[2023-04-21 22:07:54]: [funcFrom: miniK8s/pkg/k8log.TestWarnLog] [file: /home/minik8s/minik8s/pkg/k8log/k8log_test.go] [line: 20] test log warn: aaaaa
[2023-04-21 22:07:54]: [funcFrom: miniK8s/pkg/k8log.TestWarnLog] [file: /home/minik8s/minik8s/pkg/k8log/k8log_test.go] [line: 20] test log warn: aaaaa
[2023-04-21 22:07:54]: [funcFrom: miniK8s/pkg/k8log.TestDebugLog] [file: /home/minik8s/minik8s/pkg/k8log/k8log_test.go] [line: 26] test log debug: aaaaa
[2023-04-21 22:07:54]: [funcFrom: miniK8s/pkg/k8log.TestDebugLog] [file: /home/minik8s/minik8s/pkg/k8log/k8log_test.go] [line: 26] test log debug: aaaaa
[2023-04-21 22:07:54]: [funcFrom: miniK8s/pkg/k8log.TestDebugLog] [file: /home/minik8s/minik8s/pkg/k8log/k8log_test.go] [line: 26] test log debug: aaaaa
[2023-04-21 22:07:54]: [funcFrom: miniK8s/pkg/k8log.TestDebugLog] [file: /home/minik8s/minik8s/pkg/k8log/k8log_test.go] [line: 26] test log debug: aaaaa
[2023-04-21 22:07:54]: [funcFrom: miniK8s/pkg/k8log.TestDebugLog] [file: /home/minik8s/minik8s/pkg/k8log/k8log_test.go] [line: 26] test log debug: aaaaa
[2023-04-21 22:07:54]: [funcFrom: miniK8s/pkg/k8log.TestFatalLog] [file: /home/minik8s/minik8s/pkg/k8log/k8log_test.go] [line: 31] test log fatal: aaaaa
[2023-04-21 22:08:43]: test log info: aaaaa
[2023-04-21 22:08:43]: test log info: aaaaa
[2023-04-21 22:08:43]: test log info: aaaaa
[2023-04-21 22:08:43]: test log info: aaaaa
[2023-04-21 22:08:43]: test log info: aaaaa
[2023-04-21 22:08:43]: [funcFrom: miniK8s/pkg/k8log.TestErrorLog] [file: /home/minik8s/minik8s/pkg/k8log/k8log_test.go] [line: 14] test log error: aaaaa
[2023-04-21 22:08:43]: [funcFrom: miniK8s/pkg/k8log.TestErrorLog] [file: /home/minik8s/minik8s/pkg/k8log/k8log_test.go] [line: 14] test log error: aaaaa
[2023-04-21 22:08:43]: [funcFrom: miniK8s/pkg/k8log.TestErrorLog] [file: /home/minik8s/minik8s/pkg/k8log/k8log_test.go] [line: 14] test log error: aaaaa
[2023-04-21 22:08:43]: [funcFrom: miniK8s/pkg/k8log.TestErrorLog] [file: /home/minik8s/minik8s/pkg/k8log/k8log_test.go] [line: 14] test log error: aaaaa
[2023-04-21 22:08:43]: [funcFrom: miniK8s/pkg/k8log.TestErrorLog] [file: /home/minik8s/minik8s/pkg/k8log/k8log_test.go] [line: 14] test log error: aaaaa
[2023-04-21 22:08:43]: [funcFrom: miniK8s/pkg/k8log.TestWarnLog] [file: /home/minik8s/minik8s/pkg/k8log/k8log_test.go] [line: 20] test log warn: aaaaa
[2023-04-21 22:08:43]: [funcFrom: miniK8s/pkg/k8log.TestWarnLog] [file: /home/minik8s/minik8s/pkg/k8log/k8log_test.go] [line: 20] test log warn: aaaaa
[2023-04-21 22:08:43]: [funcFrom: miniK8s/pkg/k8log.TestWarnLog] [file: /home/minik8s/minik8s/pkg/k8log/k8log_test.go] [line: 20] test log warn: aaaaa
[2023-04-21 22:08:43]: [funcFrom: miniK8s/pkg/k8log.TestWarnLog] [file: /home/minik8s/minik8s/pkg/k8log/k8log_test.go] [line: 20] test log warn: aaaaa
[2023-04-21 22:08:43]: [funcFrom: miniK8s/pkg/k8log.TestWarnLog] [file: /home/minik8s/minik8s/pkg/k8log/k8log_test.go] [line: 20] test log warn: aaaaa
[2023-04-21 22:08:43]: [funcFrom: miniK8s/pkg/k8log.TestDebugLog] [file: /home/minik8s/minik8s/pkg/k8log/k8log_test.go] [line: 26] test log debug: aaaaa
[2023-04-21 22:08:43]: [funcFrom: miniK8s/pkg/k8log.TestDebugLog] [file: /home/minik8s/minik8s/pkg/k8log/k8log_test.go] [line: 26] test log debug: aaaaa
[2023-04-21 22:08:43]: [funcFrom: miniK8s/pkg/k8log.TestDebugLog] [file: /home/minik8s/minik8s/pkg/k8log/k8log_test.go] [line: 26] test log debug: aaaaa
[2023-04-21 22:08:43]: [funcFrom: miniK8s/pkg/k8log.TestDebugLog] [file: /home/minik8s/minik8s/pkg/k8log/k8log_test.go] [line: 26] test log debug: aaaaa
[2023-04-21 22:08:43]: [funcFrom: miniK8s/pkg/k8log.TestDebugLog] [file: /home/minik8s/minik8s/pkg/k8log/k8log_test.go] [line: 26] test log debug: aaaaa
[2023-04-21 22:08:43]: [funcFrom: miniK8s/pkg/k8log.TestFatalLog] [file: /home/minik8s/minik8s/pkg/k8log/k8log_test.go] [line: 31] test log fatal: aaaaa
[2023-04-21 22:08:56]: test log info: aaaaa
[2023-04-21 22:08:56]: test log info: aaaaa
[2023-04-21 22:08:56]: test log info: aaaaa
[2023-04-21 22:08:56]: test log info: aaaaa
[2023-04-21 22:08:56]: test log info: aaaaa
[2023-04-21 22:08:56]: [funcFrom: miniK8s/pkg/k8log.TestErrorLog] [file: /home/minik8s/minik8s/pkg/k8log/k8log_test.go] [line: 14] test log error: aaaaa
[2023-04-21 22:08:56]: [funcFrom: miniK8s/pkg/k8log.TestErrorLog] [file: /home/minik8s/minik8s/pkg/k8log/k8log_test.go] [line: 14] test log error: aaaaa
[2023-04-21 22:08:56]: [funcFrom: miniK8s/pkg/k8log.TestErrorLog] [file: /home/minik8s/minik8s/pkg/k8log/k8log_test.go] [line: 14] test log error: aaaaa
[2023-04-21 22:08:56]: [funcFrom: miniK8s/pkg/k8log.TestErrorLog] [file: /home/minik8s/minik8s/pkg/k8log/k8log_test.go] [line: 14] test log error: aaaaa
[2023-04-21 22:08:56]: [funcFrom: miniK8s/pkg/k8log.TestErrorLog] [file: /home/minik8s/minik8s/pkg/k8log/k8log_test.go] [line: 14] test log error: aaaaa
[2023-04-21 22:08:56]: [funcFrom: miniK8s/pkg/k8log.TestWarnLog] [file: /home/minik8s/minik8s/pkg/k8log/k8log_test.go] [line: 20] test log warn: aaaaa
[2023-04-21 22:08:56]: [funcFrom: miniK8s/pkg/k8log.TestWarnLog] [file: /home/minik8s/minik8s/pkg/k8log/k8log_test.go] [line: 20] test log warn: aaaaa
[2023-04-21 22:08:56]: [funcFrom: miniK8s/pkg/k8log.TestWarnLog] [file: /home/minik8s/minik8s/pkg/k8log/k8log_test.go] [line: 20] test log warn: aaaaa
[2023-04-21 22:08:56]: [funcFrom: miniK8s/pkg/k8log.TestWarnLog] [file: /home/minik8s/minik8s/pkg/k8log/k8log_test.go] [line: 20] test log warn: aaaaa
[2023-04-21 22:08:56]: [funcFrom: miniK8s/pkg/k8log.TestWarnLog] [file: /home/minik8s/minik8s/pkg/k8log/k8log_test.go] [line: 20] test log warn: aaaaa
[2023-04-21 22:08:56]: [funcFrom: miniK8s/pkg/k8log.TestDebugLog] [file: /home/minik8s/minik8s/pkg/k8log/k8log_test.go] [line: 26] test log debug: aaaaa
[2023-04-21 22:08:56]: [funcFrom: miniK8s/pkg/k8log.TestDebugLog] [file: /home/minik8s/minik8s/pkg/k8log/k8log_test.go] [line: 26] test log debug: aaaaa
[2023-04-21 22:08:56]: [funcFrom: miniK8s/pkg/k8log.TestDebugLog] [file: /home/minik8s/minik8s/pkg/k8log/k8log_test.go] [line: 26] test log debug: aaaaa
[2023-04-21 22:08:56]: [funcFrom: miniK8s/pkg/k8log.TestDebugLog] [file: /home/minik8s/minik8s/pkg/k8log/k8log_test.go] [line: 26] test log debug: aaaaa
[2023-04-21 22:08:56]: [funcFrom: miniK8s/pkg/k8log.TestDebugLog] [file: /home/minik8s/minik8s/pkg/k8log/k8log_test.go] [line: 26] test log debug: aaaaa
[2023-04-21 22:09:15]: test log info: aaaaa
[2023-04-21 22:09:15]: test log info: aaaaa
[2023-04-21 22:09:15]: test log info: aaaaa
[2023-04-21 22:09:15]: test log info: aaaaa
[2023-04-21 22:09:15]: test log info: aaaaa
[2023-04-21 22:09:15]: [funcFrom: miniK8s/pkg/k8log.TestErrorLog] [file: /home/minik8s/minik8s/pkg/k8log/k8log_test.go] [line: 14] test log error: aaaaa
[2023-04-21 22:09:15]: [funcFrom: miniK8s/pkg/k8log.TestErrorLog] [file: /home/minik8s/minik8s/pkg/k8log/k8log_test.go] [line: 14] test log error: aaaaa
[2023-04-21 22:09:15]: [funcFrom: miniK8s/pkg/k8log.TestErrorLog] [file: /home/minik8s/minik8s/pkg/k8log/k8log_test.go] [line: 14] test log error: aaaaa
[2023-04-21 22:09:15]: [funcFrom: miniK8s/pkg/k8log.TestErrorLog] [file: /home/minik8s/minik8s/pkg/k8log/k8log_test.go] [line: 14] test log error: aaaaa
[2023-04-21 22:09:15]: [funcFrom: miniK8s/pkg/k8log.TestErrorLog] [file: /home/minik8s/minik8s/pkg/k8log/k8log_test.go] [line: 14] test log error: aaaaa
[2023-04-21 22:09:15]: [funcFrom: miniK8s/pkg/k8log.TestWarnLog] [file: /home/minik8s/minik8s/pkg/k8log/k8log_test.go] [line: 20] test log warn: aaaaa
[2023-04-21 22:09:15]: [funcFrom: miniK8s/pkg/k8log.TestWarnLog] [file: /home/minik8s/minik8s/pkg/k8log/k8log_test.go] [line: 20] test log warn: aaaaa
[2023-04-21 22:09:15]: [funcFrom: miniK8s/pkg/k8log.TestWarnLog] [file: /home/minik8s/minik8s/pkg/k8log/k8log_test.go] [line: 20] test log warn: aaaaa
[2023-04-21 22:09:15]: [funcFrom: miniK8s/pkg/k8log.TestWarnLog] [file: /home/minik8s/minik8s/pkg/k8log/k8log_test.go] [line: 20] test log warn: aaaaa
[2023-04-21 22:09:15]: [funcFrom: miniK8s/pkg/k8log.TestWarnLog] [file: /home/minik8s/minik8s/pkg/k8log/k8log_test.go] [line: 20] test log warn: aaaaa
[2023-04-21 22:09:15]: [funcFrom: miniK8s/pkg/k8log.TestDebugLog] [file: /home/minik8s/minik8s/pkg/k8log/k8log_test.go] [line: 26] test log debug: aaaaa
[2023-04-21 22:09:15]: [funcFrom: miniK8s/pkg/k8log.TestDebugLog] [file: /home/minik8s/minik8s/pkg/k8log/k8log_test.go] [line: 26] test log debug: aaaaa
[2023-04-21 22:09:15]: [funcFrom: miniK8s/pkg/k8log.TestDebugLog] [file: /home/minik8s/minik8s/pkg/k8log/k8log_test.go] [line: 26] test log debug: aaaaa
[2023-04-21 22:09:15]: [funcFrom: miniK8s/pkg/k8log.TestDebugLog] [file: /home/minik8s/minik8s/pkg/k8log/k8log_test.go] [line: 26] test log debug: aaaaa
[2023-04-21 22:09:15]: [funcFrom: miniK8s/pkg/k8log.TestDebugLog] [file: /home/minik8s/minik8s/pkg/k8log/k8log_test.go] [line: 26] test log debug: aaaaa
[2023-04-21 22:09:51]: test log info: aaaaa
[2023-04-21 22:09:51]: test log info: aaaaa
[2023-04-21 22:09:51]: [funcFrom: miniK8s/pkg/k8log.TestErrorLog] [file: /home/minik8s/minik8s/pkg/k8log/k8log_test.go] [line: 16] test log error: aaaaa
[2023-04-21 22:09:51]: [funcFrom: miniK8s/pkg/k8log.TestErrorLog] [file: /home/minik8s/minik8s/pkg/k8log/k8log_test.go] [line: 16] test log error: aaaaa
[2023-04-21 22:09:51]: [funcFrom: miniK8s/pkg/k8log.TestWarnLog] [file: /home/minik8s/minik8s/pkg/k8log/k8log_test.go] [line: 22] test log warn: aaaaa
[2023-04-21 22:09:51]: [funcFrom: miniK8s/pkg/k8log.TestWarnLog] [file: /home/minik8s/minik8s/pkg/k8log/k8log_test.go] [line: 22] test log warn: aaaaa
[2023-04-21 22:09:51]: [funcFrom: miniK8s/pkg/k8log.TestDebugLog] [file: /home/minik8s/minik8s/pkg/k8log/k8log_test.go] [line: 28] test log debug: aaaaa
[2023-04-21 22:09:51]: [funcFrom: miniK8s/pkg/k8log.TestDebugLog] [file: /home/minik8s/minik8s/pkg/k8log/k8log_test.go] [line: 28] test log debug: aaaaa
[2023-04-21 22:09:57]: test log info: aaaaa
[2023-04-21 22:09:57]: [funcFrom: miniK8s/pkg/k8log.TestErrorLog] [file: /home/minik8s/minik8s/pkg/k8log/k8log_test.go] [line: 16] test log error: aaaaa
[2023-04-21 22:09:57]: [funcFrom: miniK8s/pkg/k8log.TestWarnLog] [file: /home/minik8s/minik8s/pkg/k8log/k8log_test.go] [line: 22] test log warn: aaaaa
[2023-04-21 22:09:57]: [funcFrom: miniK8s/pkg/k8log.TestDebugLog] [file: /home/minik8s/minik8s/pkg/k8log/k8log_test.go] [line: 28] test log debug: aaaaa
[2023-04-21 22:10:03]: test log info: aaaaa
[2023-04-21 22:10:03]: test log info: aaaaa
[2023-04-21 22:10:03]: [funcFrom: miniK8s/pkg/k8log.TestErrorLog] [file: /home/minik8s/minik8s/pkg/k8log/k8log_test.go] [line: 16] test log error: aaaaa
[2023-04-21 22:10:03]: [funcFrom: miniK8s/pkg/k8log.TestErrorLog] [file: /home/minik8s/minik8s/pkg/k8log/k8log_test.go] [line: 16] test log error: aaaaa
[2023-04-21 22:10:03]: [funcFrom: miniK8s/pkg/k8log.TestWarnLog] [file: /home/minik8s/minik8s/pkg/k8log/k8log_test.go] [line: 22] test log warn: aaaaa
[2023-04-21 22:10:03]: [funcFrom: miniK8s/pkg/k8log.TestWarnLog] [file: /home/minik8s/minik8s/pkg/k8log/k8log_test.go] [line: 22] test log warn: aaaaa
[2023-04-21 22:10:03]: [funcFrom: miniK8s/pkg/k8log.TestDebugLog] [file: /home/minik8s/minik8s/pkg/k8log/k8log_test.go] [line: 28] test log debug: aaaaa
[2023-04-21 22:10:03]: [funcFrom: miniK8s/pkg/k8log.TestDebugLog] [file: /home/minik8s/minik8s/pkg/k8log/k8log_test.go] [line: 28] test log debug: aaaaa
[2023-04-21 22:10:14]: test log info: aaaaa
[2023-04-21 22:10:14]: test log info: aaaaa
[2023-04-21 22:10:14]: [funcFrom: miniK8s/pkg/k8log.TestErrorLog] [file: /home/minik8s/minik8s/pkg/k8log/k8log_test.go] [line: 16] test log error: aaaaa
[2023-04-21 22:10:14]: [funcFrom: miniK8s/pkg/k8log.TestErrorLog] [file: /home/minik8s/minik8s/pkg/k8log/k8log_test.go] [line: 16] test log error: aaaaa
[2023-04-21 22:10:14]: [funcFrom: miniK8s/pkg/k8log.TestWarnLog] [file: /home/minik8s/minik8s/pkg/k8log/k8log_test.go] [line: 22] test log warn: aaaaa
[2023-04-21 22:10:14]: [funcFrom: miniK8s/pkg/k8log.TestWarnLog] [file: /home/minik8s/minik8s/pkg/k8log/k8log_test.go] [line: 22] test log warn: aaaaa
[2023-04-21 22:10:14]: [funcFrom: miniK8s/pkg/k8log.TestDebugLog] [file: /home/minik8s/minik8s/pkg/k8log/k8log_test.go] [line: 28] test log debug: aaaaa
[2023-04-21 22:10:14]: [funcFrom: miniK8s/pkg/k8log.TestDebugLog] [file: /home/minik8s/minik8s/pkg/k8log/k8log_test.go] [line: 28] test log debug: aaaaa
[2023-04-21 22:10:14]: test log info: aaaaa
[2023-04-21 22:10:14]: test log info: aaaaa
[2023-04-21 22:10:14]: [funcFrom: miniK8s/pkg/k8log.TestErrorLog] [file: /home/minik8s/minik8s/pkg/k8log/k8log_test.go] [line: 16] test log error: aaaaa
[2023-04-21 22:10:14]: [funcFrom: miniK8s/pkg/k8log.TestErrorLog] [file: /home/minik8s/minik8s/pkg/k8log/k8log_test.go] [line: 16] test log error: aaaaa
[2023-04-21 22:10:14]: [funcFrom: miniK8s/pkg/k8log.TestWarnLog] [file: /home/minik8s/minik8s/pkg/k8log/k8log_test.go] [line: 22] test log warn: aaaaa
[2023-04-21 22:10:14]: [funcFrom: miniK8s/pkg/k8log.TestWarnLog] [file: /home/minik8s/minik8s/pkg/k8log/k8log_test.go] [line: 22] test log warn: aaaaa
[2023-04-21 22:10:14]: [funcFrom: miniK8s/pkg/k8log.TestDebugLog] [file: /home/minik8s/minik8s/pkg/k8log/k8log_test.go] [line: 28] test log debug: aaaaa
[2023-04-21 22:10:14]: [funcFrom: miniK8s/pkg/k8log.TestDebugLog] [file: /home/minik8s/minik8s/pkg/k8log/k8log_test.go] [line: 28] test log debug: aaaaa
[2023-04-21 22:11:20]: test log info: aaaaa
[2023-04-21 22:11:20]: test log info: aaaaa
[2023-04-21 22:11:20]: [funcFrom: miniK8s/pkg/k8log.TestErrorLog] [file: /home/minik8s/minik8s/pkg/k8log/k8log_test.go] [line: 16] test log error: aaaaa
[2023-04-21 22:11:20]: [funcFrom: miniK8s/pkg/k8log.TestErrorLog] [file: /home/minik8s/minik8s/pkg/k8log/k8log_test.go] [line: 16] test log error: aaaaa
[2023-04-21 22:11:20]: [funcFrom: miniK8s/pkg/k8log.TestWarnLog] [file: /home/minik8s/minik8s/pkg/k8log/k8log_test.go] [line: 22] test log warn: aaaaa
[2023-04-21 22:11:20]: [funcFrom: miniK8s/pkg/k8log.TestWarnLog] [file: /home/minik8s/minik8s/pkg/k8log/k8log_test.go] [line: 22] test log warn: aaaaa
[2023-04-21 22:11:20]: [funcFrom: miniK8s/pkg/k8log.TestDebugLog] [file: /home/minik8s/minik8s/pkg/k8log/k8log_test.go] [line: 28] test log debug: aaaaa
[2023-04-21 22:11:20]: [funcFrom: miniK8s/pkg/k8log.TestDebugLog] [file: /home/minik8s/minik8s/pkg/k8log/k8log_test.go] [line: 28] test log debug: aaaaa
[2023-04-21 22:11:21]: test log info: aaaaa
[2023-04-21 22:11:21]: test log info: aaaaa
[2023-04-21 22:11:21]: [funcFrom: miniK8s/pkg/k8log.TestErrorLog] [file: /home/minik8s/minik8s/pkg/k8log/k8log_test.go] [line: 16] test log error: aaaaa
[2023-04-21 22:11:21]: [funcFrom: miniK8s/pkg/k8log.TestErrorLog] [file: /home/minik8s/minik8s/pkg/k8log/k8log_test.go] [line: 16] test log error: aaaaa
[2023-04-21 22:11:21]: [funcFrom: miniK8s/pkg/k8log.TestWarnLog] [file: /home/minik8s/minik8s/pkg/k8log/k8log_test.go] [line: 22] test log warn: aaaaa
[2023-04-21 22:11:21]: [funcFrom: miniK8s/pkg/k8log.TestWarnLog] [file: /home/minik8s/minik8s/pkg/k8log/k8log_test.go] [line: 22] test log warn: aaaaa
[2023-04-21 22:11:21]: [funcFrom: miniK8s/pkg/k8log.TestDebugLog] [file: /home/minik8s/minik8s/pkg/k8log/k8log_test.go] [line: 28] test log debug: aaaaa
[2023-04-21 22:11:21]: [funcFrom: miniK8s/pkg/k8log.TestDebugLog] [file: /home/minik8s/minik8s/pkg/k8log/k8log_test.go] [line: 28] test log debug: aaaaa
[2023-04-21 22:11:27]: test log info: aaaaa
[2023-04-21 22:11:27]: test log info: aaaaa
[2023-04-21 22:11:27]: [funcFrom: miniK8s/pkg/k8log.TestErrorLog] [file: /home/minik8s/minik8s/pkg/k8log/k8log_test.go] [line: 16] test log error: aaaaa
[2023-04-21 22:11:27]: [funcFrom: miniK8s/pkg/k8log.TestErrorLog] [file: /home/minik8s/minik8s/pkg/k8log/k8log_test.go] [line: 16] test log error: aaaaa
[2023-04-21 22:11:27]: [funcFrom: miniK8s/pkg/k8log.TestWarnLog] [file: /home/minik8s/minik8s/pkg/k8log/k8log_test.go] [line: 22] test log warn: aaaaa
[2023-04-21 22:11:27]: [funcFrom: miniK8s/pkg/k8log.TestWarnLog] [file: /home/minik8s/minik8s/pkg/k8log/k8log_test.go] [line: 22] test log warn: aaaaa
[2023-04-21 22:11:27]: [funcFrom: miniK8s/pkg/k8log.TestDebugLog] [file: /home/minik8s/minik8s/pkg/k8log/k8log_test.go] [line: 28] test log debug: aaaaa
[2023-04-21 22:11:27]: [funcFrom: miniK8s/pkg/k8log.TestDebugLog] [file: /home/minik8s/minik8s/pkg/k8log/k8log_test.go] [line: 28] test log debug: aaaaa
